   1               		.file	"WInterrupts.c"
   2               	__SP_H__ = 0x3e
   3               	__SP_L__ = 0x3d
   4               	__SREG__ = 0x3f
   5               	__tmp_reg__ = 0
   6               	__zero_reg__ = 1
   8               		.text
   9               	.Ltext0:
 131               	.global	attachInterrupt
 133               	attachInterrupt:
   1:/Users/Rob/Dropbox/school/jaar2/kwartiel2.2/projectnetwerken/Software/Arduino/Arduino/WInterrupts.c **** /* -*- mode: jde; c-basic-offset: 2; indent-tabs-mode: nil -*- */
   2:/Users/Rob/Dropbox/school/jaar2/kwartiel2.2/projectnetwerken/Software/Arduino/Arduino/WInterrupts.c **** 
   3:/Users/Rob/Dropbox/school/jaar2/kwartiel2.2/projectnetwerken/Software/Arduino/Arduino/WInterrupts.c **** /*
   4:/Users/Rob/Dropbox/school/jaar2/kwartiel2.2/projectnetwerken/Software/Arduino/Arduino/WInterrupts.c ****   Part of the Wiring project - http://wiring.uniandes.edu.co
   5:/Users/Rob/Dropbox/school/jaar2/kwartiel2.2/projectnetwerken/Software/Arduino/Arduino/WInterrupts.c **** 
   6:/Users/Rob/Dropbox/school/jaar2/kwartiel2.2/projectnetwerken/Software/Arduino/Arduino/WInterrupts.c ****   Copyright (c) 2004-05 Hernando Barragan
   7:/Users/Rob/Dropbox/school/jaar2/kwartiel2.2/projectnetwerken/Software/Arduino/Arduino/WInterrupts.c **** 
   8:/Users/Rob/Dropbox/school/jaar2/kwartiel2.2/projectnetwerken/Software/Arduino/Arduino/WInterrupts.c ****   This library is free software; you can redistribute it and/or
   9:/Users/Rob/Dropbox/school/jaar2/kwartiel2.2/projectnetwerken/Software/Arduino/Arduino/WInterrupts.c ****   modify it under the terms of the GNU Lesser General Public
  10:/Users/Rob/Dropbox/school/jaar2/kwartiel2.2/projectnetwerken/Software/Arduino/Arduino/WInterrupts.c ****   License as published by the Free Software Foundation; either
  11:/Users/Rob/Dropbox/school/jaar2/kwartiel2.2/projectnetwerken/Software/Arduino/Arduino/WInterrupts.c ****   version 2.1 of the License, or (at your option) any later version.
  12:/Users/Rob/Dropbox/school/jaar2/kwartiel2.2/projectnetwerken/Software/Arduino/Arduino/WInterrupts.c **** 
  13:/Users/Rob/Dropbox/school/jaar2/kwartiel2.2/projectnetwerken/Software/Arduino/Arduino/WInterrupts.c ****   This library is distributed in the hope that it will be useful,
  14:/Users/Rob/Dropbox/school/jaar2/kwartiel2.2/projectnetwerken/Software/Arduino/Arduino/WInterrupts.c ****   but WITHOUT ANY WARRANTY; without even the implied warranty of
  15:/Users/Rob/Dropbox/school/jaar2/kwartiel2.2/projectnetwerken/Software/Arduino/Arduino/WInterrupts.c ****   MERCHANTABILITY or FITNESS FOR A PARTICULAR PURPOSE.  See the GNU
  16:/Users/Rob/Dropbox/school/jaar2/kwartiel2.2/projectnetwerken/Software/Arduino/Arduino/WInterrupts.c ****   Lesser General Public License for more details.
  17:/Users/Rob/Dropbox/school/jaar2/kwartiel2.2/projectnetwerken/Software/Arduino/Arduino/WInterrupts.c **** 
  18:/Users/Rob/Dropbox/school/jaar2/kwartiel2.2/projectnetwerken/Software/Arduino/Arduino/WInterrupts.c ****   You should have received a copy of the GNU Lesser General
  19:/Users/Rob/Dropbox/school/jaar2/kwartiel2.2/projectnetwerken/Software/Arduino/Arduino/WInterrupts.c ****   Public License along with this library; if not, write to the
  20:/Users/Rob/Dropbox/school/jaar2/kwartiel2.2/projectnetwerken/Software/Arduino/Arduino/WInterrupts.c ****   Free Software Foundation, Inc., 59 Temple Place, Suite 330,
  21:/Users/Rob/Dropbox/school/jaar2/kwartiel2.2/projectnetwerken/Software/Arduino/Arduino/WInterrupts.c ****   Boston, MA  02111-1307  USA
  22:/Users/Rob/Dropbox/school/jaar2/kwartiel2.2/projectnetwerken/Software/Arduino/Arduino/WInterrupts.c ****   
  23:/Users/Rob/Dropbox/school/jaar2/kwartiel2.2/projectnetwerken/Software/Arduino/Arduino/WInterrupts.c ****   Modified 24 November 2006 by David A. Mellis
  24:/Users/Rob/Dropbox/school/jaar2/kwartiel2.2/projectnetwerken/Software/Arduino/Arduino/WInterrupts.c ****   Modified 1 August 2010 by Mark Sproul
  25:/Users/Rob/Dropbox/school/jaar2/kwartiel2.2/projectnetwerken/Software/Arduino/Arduino/WInterrupts.c **** */
  26:/Users/Rob/Dropbox/school/jaar2/kwartiel2.2/projectnetwerken/Software/Arduino/Arduino/WInterrupts.c **** 
  27:/Users/Rob/Dropbox/school/jaar2/kwartiel2.2/projectnetwerken/Software/Arduino/Arduino/WInterrupts.c **** #include <inttypes.h>
  28:/Users/Rob/Dropbox/school/jaar2/kwartiel2.2/projectnetwerken/Software/Arduino/Arduino/WInterrupts.c **** #include <avr/io.h>
  29:/Users/Rob/Dropbox/school/jaar2/kwartiel2.2/projectnetwerken/Software/Arduino/Arduino/WInterrupts.c **** #include <avr/interrupt.h>
  30:/Users/Rob/Dropbox/school/jaar2/kwartiel2.2/projectnetwerken/Software/Arduino/Arduino/WInterrupts.c **** #include <avr/pgmspace.h>
  31:/Users/Rob/Dropbox/school/jaar2/kwartiel2.2/projectnetwerken/Software/Arduino/Arduino/WInterrupts.c **** #include <stdio.h>
  32:/Users/Rob/Dropbox/school/jaar2/kwartiel2.2/projectnetwerken/Software/Arduino/Arduino/WInterrupts.c **** 
  33:/Users/Rob/Dropbox/school/jaar2/kwartiel2.2/projectnetwerken/Software/Arduino/Arduino/WInterrupts.c **** #include "wiring_private.h"
  34:/Users/Rob/Dropbox/school/jaar2/kwartiel2.2/projectnetwerken/Software/Arduino/Arduino/WInterrupts.c **** 
  35:/Users/Rob/Dropbox/school/jaar2/kwartiel2.2/projectnetwerken/Software/Arduino/Arduino/WInterrupts.c **** static volatile voidFuncPtr intFunc[EXTERNAL_NUM_INTERRUPTS];
  36:/Users/Rob/Dropbox/school/jaar2/kwartiel2.2/projectnetwerken/Software/Arduino/Arduino/WInterrupts.c **** // volatile static voidFuncPtr twiIntFunc;
  37:/Users/Rob/Dropbox/school/jaar2/kwartiel2.2/projectnetwerken/Software/Arduino/Arduino/WInterrupts.c **** 
  38:/Users/Rob/Dropbox/school/jaar2/kwartiel2.2/projectnetwerken/Software/Arduino/Arduino/WInterrupts.c **** void attachInterrupt(uint8_t interruptNum, void (*userFunc)(void), int mode) {
 135               	.LM0:
 136               	.LFBB1:
 137               	/* prologue: function */
 138               	/* frame size = 0 */
 139               	/* stack size = 0 */
 140               	.L__stack_usage = 0
  39:/Users/Rob/Dropbox/school/jaar2/kwartiel2.2/projectnetwerken/Software/Arduino/Arduino/WInterrupts.c ****   if(interruptNum < EXTERNAL_NUM_INTERRUPTS) {
 142               	.LM1:
 143 0000 8230      		cpi r24,lo8(2)
 144 0002 00F4      		brsh .L1
  40:/Users/Rob/Dropbox/school/jaar2/kwartiel2.2/projectnetwerken/Software/Arduino/Arduino/WInterrupts.c ****     intFunc[interruptNum] = userFunc;
 146               	.LM2:
 147 0004 E82F      		mov r30,r24
 148 0006 F0E0      		ldi r31,0
 149 0008 EE0F      		lsl r30
 150 000a FF1F      		rol r31
 151 000c E050      		subi r30,lo8(-(intFunc))
 152 000e F040      		sbci r31,hi8(-(intFunc))
 153 0010 7183      		std Z+1,r23
 154 0012 6083      		st Z,r22
  41:/Users/Rob/Dropbox/school/jaar2/kwartiel2.2/projectnetwerken/Software/Arduino/Arduino/WInterrupts.c ****     
  42:/Users/Rob/Dropbox/school/jaar2/kwartiel2.2/projectnetwerken/Software/Arduino/Arduino/WInterrupts.c ****     // Configure the interrupt mode (trigger on low input, any change, rising
  43:/Users/Rob/Dropbox/school/jaar2/kwartiel2.2/projectnetwerken/Software/Arduino/Arduino/WInterrupts.c ****     // edge, or falling edge).  The mode constants were chosen to correspond
  44:/Users/Rob/Dropbox/school/jaar2/kwartiel2.2/projectnetwerken/Software/Arduino/Arduino/WInterrupts.c ****     // to the configuration bits in the hardware register, so we simply shift
  45:/Users/Rob/Dropbox/school/jaar2/kwartiel2.2/projectnetwerken/Software/Arduino/Arduino/WInterrupts.c ****     // the mode into place.
  46:/Users/Rob/Dropbox/school/jaar2/kwartiel2.2/projectnetwerken/Software/Arduino/Arduino/WInterrupts.c ****       
  47:/Users/Rob/Dropbox/school/jaar2/kwartiel2.2/projectnetwerken/Software/Arduino/Arduino/WInterrupts.c ****     // Enable the interrupt.
  48:/Users/Rob/Dropbox/school/jaar2/kwartiel2.2/projectnetwerken/Software/Arduino/Arduino/WInterrupts.c ****       
  49:/Users/Rob/Dropbox/school/jaar2/kwartiel2.2/projectnetwerken/Software/Arduino/Arduino/WInterrupts.c ****     switch (interruptNum) {
 156               	.LM3:
 157 0014 8130      		cpi r24,lo8(1)
 158 0016 01F0      		breq .L4
  50:/Users/Rob/Dropbox/school/jaar2/kwartiel2.2/projectnetwerken/Software/Arduino/Arduino/WInterrupts.c **** #if defined(__AVR_ATmega32U4__)
  51:/Users/Rob/Dropbox/school/jaar2/kwartiel2.2/projectnetwerken/Software/Arduino/Arduino/WInterrupts.c **** 	// I hate doing this, but the register assignment differs between the 1280/2560
  52:/Users/Rob/Dropbox/school/jaar2/kwartiel2.2/projectnetwerken/Software/Arduino/Arduino/WInterrupts.c **** 	// and the 32U4.  Since avrlib defines registers PCMSK1 and PCMSK2 that aren't 
  53:/Users/Rob/Dropbox/school/jaar2/kwartiel2.2/projectnetwerken/Software/Arduino/Arduino/WInterrupts.c **** 	// even present on the 32U4 this is the only way to distinguish between them.
  54:/Users/Rob/Dropbox/school/jaar2/kwartiel2.2/projectnetwerken/Software/Arduino/Arduino/WInterrupts.c ****     case 0:
  55:/Users/Rob/Dropbox/school/jaar2/kwartiel2.2/projectnetwerken/Software/Arduino/Arduino/WInterrupts.c **** 	EICRA = (EICRA & ~((1<<ISC00) | (1<<ISC01))) | (mode << ISC00);
  56:/Users/Rob/Dropbox/school/jaar2/kwartiel2.2/projectnetwerken/Software/Arduino/Arduino/WInterrupts.c **** 	EIMSK |= (1<<INT0);
  57:/Users/Rob/Dropbox/school/jaar2/kwartiel2.2/projectnetwerken/Software/Arduino/Arduino/WInterrupts.c **** 	break;
  58:/Users/Rob/Dropbox/school/jaar2/kwartiel2.2/projectnetwerken/Software/Arduino/Arduino/WInterrupts.c ****     case 1:
  59:/Users/Rob/Dropbox/school/jaar2/kwartiel2.2/projectnetwerken/Software/Arduino/Arduino/WInterrupts.c **** 	EICRA = (EICRA & ~((1<<ISC10) | (1<<ISC11))) | (mode << ISC10);
  60:/Users/Rob/Dropbox/school/jaar2/kwartiel2.2/projectnetwerken/Software/Arduino/Arduino/WInterrupts.c **** 	EIMSK |= (1<<INT1);
  61:/Users/Rob/Dropbox/school/jaar2/kwartiel2.2/projectnetwerken/Software/Arduino/Arduino/WInterrupts.c **** 	break;	
  62:/Users/Rob/Dropbox/school/jaar2/kwartiel2.2/projectnetwerken/Software/Arduino/Arduino/WInterrupts.c ****     case 2:
  63:/Users/Rob/Dropbox/school/jaar2/kwartiel2.2/projectnetwerken/Software/Arduino/Arduino/WInterrupts.c ****         EICRA = (EICRA & ~((1<<ISC20) | (1<<ISC21))) | (mode << ISC20);
  64:/Users/Rob/Dropbox/school/jaar2/kwartiel2.2/projectnetwerken/Software/Arduino/Arduino/WInterrupts.c ****         EIMSK |= (1<<INT2);
  65:/Users/Rob/Dropbox/school/jaar2/kwartiel2.2/projectnetwerken/Software/Arduino/Arduino/WInterrupts.c ****         break;
  66:/Users/Rob/Dropbox/school/jaar2/kwartiel2.2/projectnetwerken/Software/Arduino/Arduino/WInterrupts.c ****     case 3:
  67:/Users/Rob/Dropbox/school/jaar2/kwartiel2.2/projectnetwerken/Software/Arduino/Arduino/WInterrupts.c ****         EICRA = (EICRA & ~((1<<ISC30) | (1<<ISC31))) | (mode << ISC30);
  68:/Users/Rob/Dropbox/school/jaar2/kwartiel2.2/projectnetwerken/Software/Arduino/Arduino/WInterrupts.c ****         EIMSK |= (1<<INT3);
  69:/Users/Rob/Dropbox/school/jaar2/kwartiel2.2/projectnetwerken/Software/Arduino/Arduino/WInterrupts.c ****         break;
  70:/Users/Rob/Dropbox/school/jaar2/kwartiel2.2/projectnetwerken/Software/Arduino/Arduino/WInterrupts.c ****     case 4:
  71:/Users/Rob/Dropbox/school/jaar2/kwartiel2.2/projectnetwerken/Software/Arduino/Arduino/WInterrupts.c ****         EICRB = (EICRB & ~((1<<ISC60) | (1<<ISC61))) | (mode << ISC60);
  72:/Users/Rob/Dropbox/school/jaar2/kwartiel2.2/projectnetwerken/Software/Arduino/Arduino/WInterrupts.c ****         EIMSK |= (1<<INT6);
  73:/Users/Rob/Dropbox/school/jaar2/kwartiel2.2/projectnetwerken/Software/Arduino/Arduino/WInterrupts.c ****         break;
  74:/Users/Rob/Dropbox/school/jaar2/kwartiel2.2/projectnetwerken/Software/Arduino/Arduino/WInterrupts.c **** #elif defined(EICRA) && defined(EICRB) && defined(EIMSK)
  75:/Users/Rob/Dropbox/school/jaar2/kwartiel2.2/projectnetwerken/Software/Arduino/Arduino/WInterrupts.c ****     case 2:
  76:/Users/Rob/Dropbox/school/jaar2/kwartiel2.2/projectnetwerken/Software/Arduino/Arduino/WInterrupts.c ****       EICRA = (EICRA & ~((1 << ISC00) | (1 << ISC01))) | (mode << ISC00);
  77:/Users/Rob/Dropbox/school/jaar2/kwartiel2.2/projectnetwerken/Software/Arduino/Arduino/WInterrupts.c ****       EIMSK |= (1 << INT0);
  78:/Users/Rob/Dropbox/school/jaar2/kwartiel2.2/projectnetwerken/Software/Arduino/Arduino/WInterrupts.c ****       break;
  79:/Users/Rob/Dropbox/school/jaar2/kwartiel2.2/projectnetwerken/Software/Arduino/Arduino/WInterrupts.c ****     case 3:
  80:/Users/Rob/Dropbox/school/jaar2/kwartiel2.2/projectnetwerken/Software/Arduino/Arduino/WInterrupts.c ****       EICRA = (EICRA & ~((1 << ISC10) | (1 << ISC11))) | (mode << ISC10);
  81:/Users/Rob/Dropbox/school/jaar2/kwartiel2.2/projectnetwerken/Software/Arduino/Arduino/WInterrupts.c ****       EIMSK |= (1 << INT1);
  82:/Users/Rob/Dropbox/school/jaar2/kwartiel2.2/projectnetwerken/Software/Arduino/Arduino/WInterrupts.c ****       break;
  83:/Users/Rob/Dropbox/school/jaar2/kwartiel2.2/projectnetwerken/Software/Arduino/Arduino/WInterrupts.c ****     case 4:
  84:/Users/Rob/Dropbox/school/jaar2/kwartiel2.2/projectnetwerken/Software/Arduino/Arduino/WInterrupts.c ****       EICRA = (EICRA & ~((1 << ISC20) | (1 << ISC21))) | (mode << ISC20);
  85:/Users/Rob/Dropbox/school/jaar2/kwartiel2.2/projectnetwerken/Software/Arduino/Arduino/WInterrupts.c ****       EIMSK |= (1 << INT2);
  86:/Users/Rob/Dropbox/school/jaar2/kwartiel2.2/projectnetwerken/Software/Arduino/Arduino/WInterrupts.c ****       break;
  87:/Users/Rob/Dropbox/school/jaar2/kwartiel2.2/projectnetwerken/Software/Arduino/Arduino/WInterrupts.c ****     case 5:
  88:/Users/Rob/Dropbox/school/jaar2/kwartiel2.2/projectnetwerken/Software/Arduino/Arduino/WInterrupts.c ****       EICRA = (EICRA & ~((1 << ISC30) | (1 << ISC31))) | (mode << ISC30);
  89:/Users/Rob/Dropbox/school/jaar2/kwartiel2.2/projectnetwerken/Software/Arduino/Arduino/WInterrupts.c ****       EIMSK |= (1 << INT3);
  90:/Users/Rob/Dropbox/school/jaar2/kwartiel2.2/projectnetwerken/Software/Arduino/Arduino/WInterrupts.c ****       break;
  91:/Users/Rob/Dropbox/school/jaar2/kwartiel2.2/projectnetwerken/Software/Arduino/Arduino/WInterrupts.c ****     case 0:
  92:/Users/Rob/Dropbox/school/jaar2/kwartiel2.2/projectnetwerken/Software/Arduino/Arduino/WInterrupts.c ****       EICRB = (EICRB & ~((1 << ISC40) | (1 << ISC41))) | (mode << ISC40);
  93:/Users/Rob/Dropbox/school/jaar2/kwartiel2.2/projectnetwerken/Software/Arduino/Arduino/WInterrupts.c ****       EIMSK |= (1 << INT4);
  94:/Users/Rob/Dropbox/school/jaar2/kwartiel2.2/projectnetwerken/Software/Arduino/Arduino/WInterrupts.c ****       break;
  95:/Users/Rob/Dropbox/school/jaar2/kwartiel2.2/projectnetwerken/Software/Arduino/Arduino/WInterrupts.c ****     case 1:
  96:/Users/Rob/Dropbox/school/jaar2/kwartiel2.2/projectnetwerken/Software/Arduino/Arduino/WInterrupts.c ****       EICRB = (EICRB & ~((1 << ISC50) | (1 << ISC51))) | (mode << ISC50);
  97:/Users/Rob/Dropbox/school/jaar2/kwartiel2.2/projectnetwerken/Software/Arduino/Arduino/WInterrupts.c ****       EIMSK |= (1 << INT5);
  98:/Users/Rob/Dropbox/school/jaar2/kwartiel2.2/projectnetwerken/Software/Arduino/Arduino/WInterrupts.c ****       break;
  99:/Users/Rob/Dropbox/school/jaar2/kwartiel2.2/projectnetwerken/Software/Arduino/Arduino/WInterrupts.c ****     case 6:
 100:/Users/Rob/Dropbox/school/jaar2/kwartiel2.2/projectnetwerken/Software/Arduino/Arduino/WInterrupts.c ****       EICRB = (EICRB & ~((1 << ISC60) | (1 << ISC61))) | (mode << ISC60);
 101:/Users/Rob/Dropbox/school/jaar2/kwartiel2.2/projectnetwerken/Software/Arduino/Arduino/WInterrupts.c ****       EIMSK |= (1 << INT6);
 102:/Users/Rob/Dropbox/school/jaar2/kwartiel2.2/projectnetwerken/Software/Arduino/Arduino/WInterrupts.c ****       break;
 103:/Users/Rob/Dropbox/school/jaar2/kwartiel2.2/projectnetwerken/Software/Arduino/Arduino/WInterrupts.c ****     case 7:
 104:/Users/Rob/Dropbox/school/jaar2/kwartiel2.2/projectnetwerken/Software/Arduino/Arduino/WInterrupts.c ****       EICRB = (EICRB & ~((1 << ISC70) | (1 << ISC71))) | (mode << ISC70);
 105:/Users/Rob/Dropbox/school/jaar2/kwartiel2.2/projectnetwerken/Software/Arduino/Arduino/WInterrupts.c ****       EIMSK |= (1 << INT7);
 106:/Users/Rob/Dropbox/school/jaar2/kwartiel2.2/projectnetwerken/Software/Arduino/Arduino/WInterrupts.c ****       break;
 107:/Users/Rob/Dropbox/school/jaar2/kwartiel2.2/projectnetwerken/Software/Arduino/Arduino/WInterrupts.c **** #else		
 108:/Users/Rob/Dropbox/school/jaar2/kwartiel2.2/projectnetwerken/Software/Arduino/Arduino/WInterrupts.c ****     case 0:
 109:/Users/Rob/Dropbox/school/jaar2/kwartiel2.2/projectnetwerken/Software/Arduino/Arduino/WInterrupts.c ****     #if defined(EICRA) && defined(ISC00) && defined(EIMSK)
 110:/Users/Rob/Dropbox/school/jaar2/kwartiel2.2/projectnetwerken/Software/Arduino/Arduino/WInterrupts.c ****       EICRA = (EICRA & ~((1 << ISC00) | (1 << ISC01))) | (mode << ISC00);
 160               	.LM4:
 161 0018 8091 6900 		lds r24,105
 162 001c 8C7F      		andi r24,lo8(-4)
 163 001e 842B      		or r24,r20
 164 0020 8093 6900 		sts 105,r24
 111:/Users/Rob/Dropbox/school/jaar2/kwartiel2.2/projectnetwerken/Software/Arduino/Arduino/WInterrupts.c ****       EIMSK |= (1 << INT0);
 166               	.LM5:
 167 0024 E89A      		sbi 0x1d,0
 112:/Users/Rob/Dropbox/school/jaar2/kwartiel2.2/projectnetwerken/Software/Arduino/Arduino/WInterrupts.c ****     #elif defined(MCUCR) && defined(ISC00) && defined(GICR)
 113:/Users/Rob/Dropbox/school/jaar2/kwartiel2.2/projectnetwerken/Software/Arduino/Arduino/WInterrupts.c ****       MCUCR = (MCUCR & ~((1 << ISC00) | (1 << ISC01))) | (mode << ISC00);
 114:/Users/Rob/Dropbox/school/jaar2/kwartiel2.2/projectnetwerken/Software/Arduino/Arduino/WInterrupts.c ****       GICR |= (1 << INT0);
 115:/Users/Rob/Dropbox/school/jaar2/kwartiel2.2/projectnetwerken/Software/Arduino/Arduino/WInterrupts.c ****     #elif defined(MCUCR) && defined(ISC00) && defined(GIMSK)
 116:/Users/Rob/Dropbox/school/jaar2/kwartiel2.2/projectnetwerken/Software/Arduino/Arduino/WInterrupts.c ****       MCUCR = (MCUCR & ~((1 << ISC00) | (1 << ISC01))) | (mode << ISC00);
 117:/Users/Rob/Dropbox/school/jaar2/kwartiel2.2/projectnetwerken/Software/Arduino/Arduino/WInterrupts.c ****       GIMSK |= (1 << INT0);
 118:/Users/Rob/Dropbox/school/jaar2/kwartiel2.2/projectnetwerken/Software/Arduino/Arduino/WInterrupts.c ****     #else
 119:/Users/Rob/Dropbox/school/jaar2/kwartiel2.2/projectnetwerken/Software/Arduino/Arduino/WInterrupts.c ****       #error attachInterrupt not finished for this CPU (case 0)
 120:/Users/Rob/Dropbox/school/jaar2/kwartiel2.2/projectnetwerken/Software/Arduino/Arduino/WInterrupts.c ****     #endif
 121:/Users/Rob/Dropbox/school/jaar2/kwartiel2.2/projectnetwerken/Software/Arduino/Arduino/WInterrupts.c ****       break;
 169               	.LM6:
 170 0026 0895      		ret
 171               	.L4:
 122:/Users/Rob/Dropbox/school/jaar2/kwartiel2.2/projectnetwerken/Software/Arduino/Arduino/WInterrupts.c **** 
 123:/Users/Rob/Dropbox/school/jaar2/kwartiel2.2/projectnetwerken/Software/Arduino/Arduino/WInterrupts.c ****     case 1:
 124:/Users/Rob/Dropbox/school/jaar2/kwartiel2.2/projectnetwerken/Software/Arduino/Arduino/WInterrupts.c ****     #if defined(EICRA) && defined(ISC10) && defined(ISC11) && defined(EIMSK)
 125:/Users/Rob/Dropbox/school/jaar2/kwartiel2.2/projectnetwerken/Software/Arduino/Arduino/WInterrupts.c ****       EICRA = (EICRA & ~((1 << ISC10) | (1 << ISC11))) | (mode << ISC10);
 173               	.LM7:
 174 0028 8091 6900 		lds r24,105
 175 002c 440F      		lsl r20
 176 002e 551F      		rol r21
 177 0030 440F      		lsl r20
 178 0032 551F      		rol r21
 179 0034 837F      		andi r24,lo8(-13)
 180 0036 842B      		or r24,r20
 181 0038 8093 6900 		sts 105,r24
 126:/Users/Rob/Dropbox/school/jaar2/kwartiel2.2/projectnetwerken/Software/Arduino/Arduino/WInterrupts.c ****       EIMSK |= (1 << INT1);
 183               	.LM8:
 184 003c E99A      		sbi 0x1d,1
 185               	.L1:
 186 003e 0895      		ret
 188               	.Lscope1:
 191               	.global	detachInterrupt
 193               	detachInterrupt:
 127:/Users/Rob/Dropbox/school/jaar2/kwartiel2.2/projectnetwerken/Software/Arduino/Arduino/WInterrupts.c ****     #elif defined(MCUCR) && defined(ISC10) && defined(ISC11) && defined(GICR)
 128:/Users/Rob/Dropbox/school/jaar2/kwartiel2.2/projectnetwerken/Software/Arduino/Arduino/WInterrupts.c ****       MCUCR = (MCUCR & ~((1 << ISC10) | (1 << ISC11))) | (mode << ISC10);
 129:/Users/Rob/Dropbox/school/jaar2/kwartiel2.2/projectnetwerken/Software/Arduino/Arduino/WInterrupts.c ****       GICR |= (1 << INT1);
 130:/Users/Rob/Dropbox/school/jaar2/kwartiel2.2/projectnetwerken/Software/Arduino/Arduino/WInterrupts.c ****     #elif defined(MCUCR) && defined(ISC10) && defined(GIMSK) && defined(GIMSK)
 131:/Users/Rob/Dropbox/school/jaar2/kwartiel2.2/projectnetwerken/Software/Arduino/Arduino/WInterrupts.c ****       MCUCR = (MCUCR & ~((1 << ISC10) | (1 << ISC11))) | (mode << ISC10);
 132:/Users/Rob/Dropbox/school/jaar2/kwartiel2.2/projectnetwerken/Software/Arduino/Arduino/WInterrupts.c ****       GIMSK |= (1 << INT1);
 133:/Users/Rob/Dropbox/school/jaar2/kwartiel2.2/projectnetwerken/Software/Arduino/Arduino/WInterrupts.c ****     #else
 134:/Users/Rob/Dropbox/school/jaar2/kwartiel2.2/projectnetwerken/Software/Arduino/Arduino/WInterrupts.c ****       #warning attachInterrupt may need some more work for this cpu (case 1)
 135:/Users/Rob/Dropbox/school/jaar2/kwartiel2.2/projectnetwerken/Software/Arduino/Arduino/WInterrupts.c ****     #endif
 136:/Users/Rob/Dropbox/school/jaar2/kwartiel2.2/projectnetwerken/Software/Arduino/Arduino/WInterrupts.c ****       break;
 137:/Users/Rob/Dropbox/school/jaar2/kwartiel2.2/projectnetwerken/Software/Arduino/Arduino/WInterrupts.c ****     
 138:/Users/Rob/Dropbox/school/jaar2/kwartiel2.2/projectnetwerken/Software/Arduino/Arduino/WInterrupts.c ****     case 2:
 139:/Users/Rob/Dropbox/school/jaar2/kwartiel2.2/projectnetwerken/Software/Arduino/Arduino/WInterrupts.c ****     #if defined(EICRA) && defined(ISC20) && defined(ISC21) && defined(EIMSK)
 140:/Users/Rob/Dropbox/school/jaar2/kwartiel2.2/projectnetwerken/Software/Arduino/Arduino/WInterrupts.c ****       EICRA = (EICRA & ~((1 << ISC20) | (1 << ISC21))) | (mode << ISC20);
 141:/Users/Rob/Dropbox/school/jaar2/kwartiel2.2/projectnetwerken/Software/Arduino/Arduino/WInterrupts.c ****       EIMSK |= (1 << INT2);
 142:/Users/Rob/Dropbox/school/jaar2/kwartiel2.2/projectnetwerken/Software/Arduino/Arduino/WInterrupts.c ****     #elif defined(MCUCR) && defined(ISC20) && defined(ISC21) && defined(GICR)
 143:/Users/Rob/Dropbox/school/jaar2/kwartiel2.2/projectnetwerken/Software/Arduino/Arduino/WInterrupts.c ****       MCUCR = (MCUCR & ~((1 << ISC20) | (1 << ISC21))) | (mode << ISC20);
 144:/Users/Rob/Dropbox/school/jaar2/kwartiel2.2/projectnetwerken/Software/Arduino/Arduino/WInterrupts.c ****       GICR |= (1 << INT2);
 145:/Users/Rob/Dropbox/school/jaar2/kwartiel2.2/projectnetwerken/Software/Arduino/Arduino/WInterrupts.c ****     #elif defined(MCUCR) && defined(ISC20) && defined(GIMSK) && defined(GIMSK)
 146:/Users/Rob/Dropbox/school/jaar2/kwartiel2.2/projectnetwerken/Software/Arduino/Arduino/WInterrupts.c ****       MCUCR = (MCUCR & ~((1 << ISC20) | (1 << ISC21))) | (mode << ISC20);
 147:/Users/Rob/Dropbox/school/jaar2/kwartiel2.2/projectnetwerken/Software/Arduino/Arduino/WInterrupts.c ****       GIMSK |= (1 << INT2);
 148:/Users/Rob/Dropbox/school/jaar2/kwartiel2.2/projectnetwerken/Software/Arduino/Arduino/WInterrupts.c ****     #endif
 149:/Users/Rob/Dropbox/school/jaar2/kwartiel2.2/projectnetwerken/Software/Arduino/Arduino/WInterrupts.c ****       break;
 150:/Users/Rob/Dropbox/school/jaar2/kwartiel2.2/projectnetwerken/Software/Arduino/Arduino/WInterrupts.c **** #endif
 151:/Users/Rob/Dropbox/school/jaar2/kwartiel2.2/projectnetwerken/Software/Arduino/Arduino/WInterrupts.c ****     }
 152:/Users/Rob/Dropbox/school/jaar2/kwartiel2.2/projectnetwerken/Software/Arduino/Arduino/WInterrupts.c ****   }
 153:/Users/Rob/Dropbox/school/jaar2/kwartiel2.2/projectnetwerken/Software/Arduino/Arduino/WInterrupts.c **** }
 154:/Users/Rob/Dropbox/school/jaar2/kwartiel2.2/projectnetwerken/Software/Arduino/Arduino/WInterrupts.c **** 
 155:/Users/Rob/Dropbox/school/jaar2/kwartiel2.2/projectnetwerken/Software/Arduino/Arduino/WInterrupts.c **** void detachInterrupt(uint8_t interruptNum) {
 195               	.LM9:
 196               	.LFBB2:
 197               	/* prologue: function */
 198               	/* frame size = 0 */
 199               	/* stack size = 0 */
 200               	.L__stack_usage = 0
 156:/Users/Rob/Dropbox/school/jaar2/kwartiel2.2/projectnetwerken/Software/Arduino/Arduino/WInterrupts.c ****   if(interruptNum < EXTERNAL_NUM_INTERRUPTS) {
 202               	.LM10:
 203 0040 8230      		cpi r24,lo8(2)
 204 0042 00F4      		brsh .L6
 157:/Users/Rob/Dropbox/school/jaar2/kwartiel2.2/projectnetwerken/Software/Arduino/Arduino/WInterrupts.c ****     // Disable the interrupt.  (We can't assume that interruptNum is equal
 158:/Users/Rob/Dropbox/school/jaar2/kwartiel2.2/projectnetwerken/Software/Arduino/Arduino/WInterrupts.c ****     // to the number of the EIMSK bit to clear, as this isn't true on the 
 159:/Users/Rob/Dropbox/school/jaar2/kwartiel2.2/projectnetwerken/Software/Arduino/Arduino/WInterrupts.c ****     // ATmega8.  There, INT0 is 6 and INT1 is 7.)
 160:/Users/Rob/Dropbox/school/jaar2/kwartiel2.2/projectnetwerken/Software/Arduino/Arduino/WInterrupts.c ****     switch (interruptNum) {
 206               	.LM11:
 207 0044 8130      		cpi r24,lo8(1)
 208 0046 01F0      		breq .L9
 161:/Users/Rob/Dropbox/school/jaar2/kwartiel2.2/projectnetwerken/Software/Arduino/Arduino/WInterrupts.c **** #if defined(__AVR_ATmega32U4__)
 162:/Users/Rob/Dropbox/school/jaar2/kwartiel2.2/projectnetwerken/Software/Arduino/Arduino/WInterrupts.c ****     case 0:
 163:/Users/Rob/Dropbox/school/jaar2/kwartiel2.2/projectnetwerken/Software/Arduino/Arduino/WInterrupts.c ****         EIMSK &= ~(1<<INT0);
 164:/Users/Rob/Dropbox/school/jaar2/kwartiel2.2/projectnetwerken/Software/Arduino/Arduino/WInterrupts.c ****         break;
 165:/Users/Rob/Dropbox/school/jaar2/kwartiel2.2/projectnetwerken/Software/Arduino/Arduino/WInterrupts.c ****     case 1:
 166:/Users/Rob/Dropbox/school/jaar2/kwartiel2.2/projectnetwerken/Software/Arduino/Arduino/WInterrupts.c ****         EIMSK &= ~(1<<INT1);
 167:/Users/Rob/Dropbox/school/jaar2/kwartiel2.2/projectnetwerken/Software/Arduino/Arduino/WInterrupts.c ****         break;
 168:/Users/Rob/Dropbox/school/jaar2/kwartiel2.2/projectnetwerken/Software/Arduino/Arduino/WInterrupts.c ****     case 2:
 169:/Users/Rob/Dropbox/school/jaar2/kwartiel2.2/projectnetwerken/Software/Arduino/Arduino/WInterrupts.c ****         EIMSK &= ~(1<<INT2);
 170:/Users/Rob/Dropbox/school/jaar2/kwartiel2.2/projectnetwerken/Software/Arduino/Arduino/WInterrupts.c ****         break;
 171:/Users/Rob/Dropbox/school/jaar2/kwartiel2.2/projectnetwerken/Software/Arduino/Arduino/WInterrupts.c ****     case 3:
 172:/Users/Rob/Dropbox/school/jaar2/kwartiel2.2/projectnetwerken/Software/Arduino/Arduino/WInterrupts.c ****         EIMSK &= ~(1<<INT3);
 173:/Users/Rob/Dropbox/school/jaar2/kwartiel2.2/projectnetwerken/Software/Arduino/Arduino/WInterrupts.c ****         break;	
 174:/Users/Rob/Dropbox/school/jaar2/kwartiel2.2/projectnetwerken/Software/Arduino/Arduino/WInterrupts.c ****     case 4:
 175:/Users/Rob/Dropbox/school/jaar2/kwartiel2.2/projectnetwerken/Software/Arduino/Arduino/WInterrupts.c ****         EIMSK &= ~(1<<INT6);
 176:/Users/Rob/Dropbox/school/jaar2/kwartiel2.2/projectnetwerken/Software/Arduino/Arduino/WInterrupts.c ****         break;	
 177:/Users/Rob/Dropbox/school/jaar2/kwartiel2.2/projectnetwerken/Software/Arduino/Arduino/WInterrupts.c **** #elif defined(EICRA) && defined(EICRB) && defined(EIMSK)
 178:/Users/Rob/Dropbox/school/jaar2/kwartiel2.2/projectnetwerken/Software/Arduino/Arduino/WInterrupts.c ****     case 2:
 179:/Users/Rob/Dropbox/school/jaar2/kwartiel2.2/projectnetwerken/Software/Arduino/Arduino/WInterrupts.c ****       EIMSK &= ~(1 << INT0);
 180:/Users/Rob/Dropbox/school/jaar2/kwartiel2.2/projectnetwerken/Software/Arduino/Arduino/WInterrupts.c ****       break;
 181:/Users/Rob/Dropbox/school/jaar2/kwartiel2.2/projectnetwerken/Software/Arduino/Arduino/WInterrupts.c ****     case 3:
 182:/Users/Rob/Dropbox/school/jaar2/kwartiel2.2/projectnetwerken/Software/Arduino/Arduino/WInterrupts.c ****       EIMSK &= ~(1 << INT1);
 183:/Users/Rob/Dropbox/school/jaar2/kwartiel2.2/projectnetwerken/Software/Arduino/Arduino/WInterrupts.c ****       break;
 184:/Users/Rob/Dropbox/school/jaar2/kwartiel2.2/projectnetwerken/Software/Arduino/Arduino/WInterrupts.c ****     case 4:
 185:/Users/Rob/Dropbox/school/jaar2/kwartiel2.2/projectnetwerken/Software/Arduino/Arduino/WInterrupts.c ****       EIMSK &= ~(1 << INT2);
 186:/Users/Rob/Dropbox/school/jaar2/kwartiel2.2/projectnetwerken/Software/Arduino/Arduino/WInterrupts.c ****       break;
 187:/Users/Rob/Dropbox/school/jaar2/kwartiel2.2/projectnetwerken/Software/Arduino/Arduino/WInterrupts.c ****     case 5:
 188:/Users/Rob/Dropbox/school/jaar2/kwartiel2.2/projectnetwerken/Software/Arduino/Arduino/WInterrupts.c ****       EIMSK &= ~(1 << INT3);
 189:/Users/Rob/Dropbox/school/jaar2/kwartiel2.2/projectnetwerken/Software/Arduino/Arduino/WInterrupts.c ****       break;
 190:/Users/Rob/Dropbox/school/jaar2/kwartiel2.2/projectnetwerken/Software/Arduino/Arduino/WInterrupts.c ****     case 0:
 191:/Users/Rob/Dropbox/school/jaar2/kwartiel2.2/projectnetwerken/Software/Arduino/Arduino/WInterrupts.c ****       EIMSK &= ~(1 << INT4);
 192:/Users/Rob/Dropbox/school/jaar2/kwartiel2.2/projectnetwerken/Software/Arduino/Arduino/WInterrupts.c ****       break;
 193:/Users/Rob/Dropbox/school/jaar2/kwartiel2.2/projectnetwerken/Software/Arduino/Arduino/WInterrupts.c ****     case 1:
 194:/Users/Rob/Dropbox/school/jaar2/kwartiel2.2/projectnetwerken/Software/Arduino/Arduino/WInterrupts.c ****       EIMSK &= ~(1 << INT5);
 195:/Users/Rob/Dropbox/school/jaar2/kwartiel2.2/projectnetwerken/Software/Arduino/Arduino/WInterrupts.c ****       break;
 196:/Users/Rob/Dropbox/school/jaar2/kwartiel2.2/projectnetwerken/Software/Arduino/Arduino/WInterrupts.c ****     case 6:
 197:/Users/Rob/Dropbox/school/jaar2/kwartiel2.2/projectnetwerken/Software/Arduino/Arduino/WInterrupts.c ****       EIMSK &= ~(1 << INT6);
 198:/Users/Rob/Dropbox/school/jaar2/kwartiel2.2/projectnetwerken/Software/Arduino/Arduino/WInterrupts.c ****       break;
 199:/Users/Rob/Dropbox/school/jaar2/kwartiel2.2/projectnetwerken/Software/Arduino/Arduino/WInterrupts.c ****     case 7:
 200:/Users/Rob/Dropbox/school/jaar2/kwartiel2.2/projectnetwerken/Software/Arduino/Arduino/WInterrupts.c ****       EIMSK &= ~(1 << INT7);
 201:/Users/Rob/Dropbox/school/jaar2/kwartiel2.2/projectnetwerken/Software/Arduino/Arduino/WInterrupts.c ****       break;
 202:/Users/Rob/Dropbox/school/jaar2/kwartiel2.2/projectnetwerken/Software/Arduino/Arduino/WInterrupts.c **** #else
 203:/Users/Rob/Dropbox/school/jaar2/kwartiel2.2/projectnetwerken/Software/Arduino/Arduino/WInterrupts.c ****     case 0:
 204:/Users/Rob/Dropbox/school/jaar2/kwartiel2.2/projectnetwerken/Software/Arduino/Arduino/WInterrupts.c ****     #if defined(EIMSK) && defined(INT0)
 205:/Users/Rob/Dropbox/school/jaar2/kwartiel2.2/projectnetwerken/Software/Arduino/Arduino/WInterrupts.c ****       EIMSK &= ~(1 << INT0);
 210               	.LM12:
 211 0048 E898      		cbi 0x1d,0
 206:/Users/Rob/Dropbox/school/jaar2/kwartiel2.2/projectnetwerken/Software/Arduino/Arduino/WInterrupts.c ****     #elif defined(GICR) && defined(ISC00)
 207:/Users/Rob/Dropbox/school/jaar2/kwartiel2.2/projectnetwerken/Software/Arduino/Arduino/WInterrupts.c ****       GICR &= ~(1 << INT0); // atmega32
 208:/Users/Rob/Dropbox/school/jaar2/kwartiel2.2/projectnetwerken/Software/Arduino/Arduino/WInterrupts.c ****     #elif defined(GIMSK) && defined(INT0)
 209:/Users/Rob/Dropbox/school/jaar2/kwartiel2.2/projectnetwerken/Software/Arduino/Arduino/WInterrupts.c ****       GIMSK &= ~(1 << INT0);
 210:/Users/Rob/Dropbox/school/jaar2/kwartiel2.2/projectnetwerken/Software/Arduino/Arduino/WInterrupts.c ****     #else
 211:/Users/Rob/Dropbox/school/jaar2/kwartiel2.2/projectnetwerken/Software/Arduino/Arduino/WInterrupts.c ****       #error detachInterrupt not finished for this cpu
 212:/Users/Rob/Dropbox/school/jaar2/kwartiel2.2/projectnetwerken/Software/Arduino/Arduino/WInterrupts.c ****     #endif
 213:/Users/Rob/Dropbox/school/jaar2/kwartiel2.2/projectnetwerken/Software/Arduino/Arduino/WInterrupts.c ****       break;
 213               	.LM13:
 214 004a 00C0      		rjmp .L10
 215               	.L9:
 214:/Users/Rob/Dropbox/school/jaar2/kwartiel2.2/projectnetwerken/Software/Arduino/Arduino/WInterrupts.c **** 
 215:/Users/Rob/Dropbox/school/jaar2/kwartiel2.2/projectnetwerken/Software/Arduino/Arduino/WInterrupts.c ****     case 1:
 216:/Users/Rob/Dropbox/school/jaar2/kwartiel2.2/projectnetwerken/Software/Arduino/Arduino/WInterrupts.c ****     #if defined(EIMSK) && defined(INT1)
 217:/Users/Rob/Dropbox/school/jaar2/kwartiel2.2/projectnetwerken/Software/Arduino/Arduino/WInterrupts.c ****       EIMSK &= ~(1 << INT1);
 217               	.LM14:
 218 004c E998      		cbi 0x1d,1
 219               	.L10:
 218:/Users/Rob/Dropbox/school/jaar2/kwartiel2.2/projectnetwerken/Software/Arduino/Arduino/WInterrupts.c ****     #elif defined(GICR) && defined(INT1)
 219:/Users/Rob/Dropbox/school/jaar2/kwartiel2.2/projectnetwerken/Software/Arduino/Arduino/WInterrupts.c ****       GICR &= ~(1 << INT1); // atmega32
 220:/Users/Rob/Dropbox/school/jaar2/kwartiel2.2/projectnetwerken/Software/Arduino/Arduino/WInterrupts.c ****     #elif defined(GIMSK) && defined(INT1)
 221:/Users/Rob/Dropbox/school/jaar2/kwartiel2.2/projectnetwerken/Software/Arduino/Arduino/WInterrupts.c ****       GIMSK &= ~(1 << INT1);
 222:/Users/Rob/Dropbox/school/jaar2/kwartiel2.2/projectnetwerken/Software/Arduino/Arduino/WInterrupts.c ****     #else
 223:/Users/Rob/Dropbox/school/jaar2/kwartiel2.2/projectnetwerken/Software/Arduino/Arduino/WInterrupts.c ****       #warning detachInterrupt may need some more work for this cpu (case 1)
 224:/Users/Rob/Dropbox/school/jaar2/kwartiel2.2/projectnetwerken/Software/Arduino/Arduino/WInterrupts.c ****     #endif
 225:/Users/Rob/Dropbox/school/jaar2/kwartiel2.2/projectnetwerken/Software/Arduino/Arduino/WInterrupts.c ****       break;
 226:/Users/Rob/Dropbox/school/jaar2/kwartiel2.2/projectnetwerken/Software/Arduino/Arduino/WInterrupts.c **** #endif
 227:/Users/Rob/Dropbox/school/jaar2/kwartiel2.2/projectnetwerken/Software/Arduino/Arduino/WInterrupts.c ****     }
 228:/Users/Rob/Dropbox/school/jaar2/kwartiel2.2/projectnetwerken/Software/Arduino/Arduino/WInterrupts.c ****       
 229:/Users/Rob/Dropbox/school/jaar2/kwartiel2.2/projectnetwerken/Software/Arduino/Arduino/WInterrupts.c ****     intFunc[interruptNum] = 0;
 221               	.LM15:
 222 004e E82F      		mov r30,r24
 223 0050 F0E0      		ldi r31,0
 224 0052 EE0F      		lsl r30
 225 0054 FF1F      		rol r31
 226 0056 E050      		subi r30,lo8(-(intFunc))
 227 0058 F040      		sbci r31,hi8(-(intFunc))
 228 005a 1182      		std Z+1,__zero_reg__
 229 005c 1082      		st Z,__zero_reg__
 230               	.L6:
 231 005e 0895      		ret
 233               	.Lscope2:
 235               	.global	__vector_1
 237               	__vector_1:
 230:/Users/Rob/Dropbox/school/jaar2/kwartiel2.2/projectnetwerken/Software/Arduino/Arduino/WInterrupts.c ****   }
 231:/Users/Rob/Dropbox/school/jaar2/kwartiel2.2/projectnetwerken/Software/Arduino/Arduino/WInterrupts.c **** }
 232:/Users/Rob/Dropbox/school/jaar2/kwartiel2.2/projectnetwerken/Software/Arduino/Arduino/WInterrupts.c **** 
 233:/Users/Rob/Dropbox/school/jaar2/kwartiel2.2/projectnetwerken/Software/Arduino/Arduino/WInterrupts.c **** /*
 234:/Users/Rob/Dropbox/school/jaar2/kwartiel2.2/projectnetwerken/Software/Arduino/Arduino/WInterrupts.c **** void attachInterruptTwi(void (*userFunc)(void) ) {
 235:/Users/Rob/Dropbox/school/jaar2/kwartiel2.2/projectnetwerken/Software/Arduino/Arduino/WInterrupts.c ****   twiIntFunc = userFunc;
 236:/Users/Rob/Dropbox/school/jaar2/kwartiel2.2/projectnetwerken/Software/Arduino/Arduino/WInterrupts.c **** }
 237:/Users/Rob/Dropbox/school/jaar2/kwartiel2.2/projectnetwerken/Software/Arduino/Arduino/WInterrupts.c **** */
 238:/Users/Rob/Dropbox/school/jaar2/kwartiel2.2/projectnetwerken/Software/Arduino/Arduino/WInterrupts.c **** 
 239:/Users/Rob/Dropbox/school/jaar2/kwartiel2.2/projectnetwerken/Software/Arduino/Arduino/WInterrupts.c **** #if defined(__AVR_ATmega32U4__)
 240:/Users/Rob/Dropbox/school/jaar2/kwartiel2.2/projectnetwerken/Software/Arduino/Arduino/WInterrupts.c **** ISR(INT0_vect) {
 241:/Users/Rob/Dropbox/school/jaar2/kwartiel2.2/projectnetwerken/Software/Arduino/Arduino/WInterrupts.c **** 	if(intFunc[EXTERNAL_INT_0])
 242:/Users/Rob/Dropbox/school/jaar2/kwartiel2.2/projectnetwerken/Software/Arduino/Arduino/WInterrupts.c **** 		intFunc[EXTERNAL_INT_0]();
 243:/Users/Rob/Dropbox/school/jaar2/kwartiel2.2/projectnetwerken/Software/Arduino/Arduino/WInterrupts.c **** }
 244:/Users/Rob/Dropbox/school/jaar2/kwartiel2.2/projectnetwerken/Software/Arduino/Arduino/WInterrupts.c **** 
 245:/Users/Rob/Dropbox/school/jaar2/kwartiel2.2/projectnetwerken/Software/Arduino/Arduino/WInterrupts.c **** ISR(INT1_vect) {
 246:/Users/Rob/Dropbox/school/jaar2/kwartiel2.2/projectnetwerken/Software/Arduino/Arduino/WInterrupts.c **** 	if(intFunc[EXTERNAL_INT_1])
 247:/Users/Rob/Dropbox/school/jaar2/kwartiel2.2/projectnetwerken/Software/Arduino/Arduino/WInterrupts.c **** 		intFunc[EXTERNAL_INT_1]();
 248:/Users/Rob/Dropbox/school/jaar2/kwartiel2.2/projectnetwerken/Software/Arduino/Arduino/WInterrupts.c **** }
 249:/Users/Rob/Dropbox/school/jaar2/kwartiel2.2/projectnetwerken/Software/Arduino/Arduino/WInterrupts.c **** 
 250:/Users/Rob/Dropbox/school/jaar2/kwartiel2.2/projectnetwerken/Software/Arduino/Arduino/WInterrupts.c **** ISR(INT2_vect) {
 251:/Users/Rob/Dropbox/school/jaar2/kwartiel2.2/projectnetwerken/Software/Arduino/Arduino/WInterrupts.c ****     if(intFunc[EXTERNAL_INT_2])
 252:/Users/Rob/Dropbox/school/jaar2/kwartiel2.2/projectnetwerken/Software/Arduino/Arduino/WInterrupts.c **** 		intFunc[EXTERNAL_INT_2]();
 253:/Users/Rob/Dropbox/school/jaar2/kwartiel2.2/projectnetwerken/Software/Arduino/Arduino/WInterrupts.c **** }
 254:/Users/Rob/Dropbox/school/jaar2/kwartiel2.2/projectnetwerken/Software/Arduino/Arduino/WInterrupts.c **** 
 255:/Users/Rob/Dropbox/school/jaar2/kwartiel2.2/projectnetwerken/Software/Arduino/Arduino/WInterrupts.c **** ISR(INT3_vect) {
 256:/Users/Rob/Dropbox/school/jaar2/kwartiel2.2/projectnetwerken/Software/Arduino/Arduino/WInterrupts.c ****     if(intFunc[EXTERNAL_INT_3])
 257:/Users/Rob/Dropbox/school/jaar2/kwartiel2.2/projectnetwerken/Software/Arduino/Arduino/WInterrupts.c **** 		intFunc[EXTERNAL_INT_3]();
 258:/Users/Rob/Dropbox/school/jaar2/kwartiel2.2/projectnetwerken/Software/Arduino/Arduino/WInterrupts.c **** }
 259:/Users/Rob/Dropbox/school/jaar2/kwartiel2.2/projectnetwerken/Software/Arduino/Arduino/WInterrupts.c **** 
 260:/Users/Rob/Dropbox/school/jaar2/kwartiel2.2/projectnetwerken/Software/Arduino/Arduino/WInterrupts.c **** ISR(INT6_vect) {
 261:/Users/Rob/Dropbox/school/jaar2/kwartiel2.2/projectnetwerken/Software/Arduino/Arduino/WInterrupts.c ****     if(intFunc[EXTERNAL_INT_4])
 262:/Users/Rob/Dropbox/school/jaar2/kwartiel2.2/projectnetwerken/Software/Arduino/Arduino/WInterrupts.c **** 		intFunc[EXTERNAL_INT_4]();
 263:/Users/Rob/Dropbox/school/jaar2/kwartiel2.2/projectnetwerken/Software/Arduino/Arduino/WInterrupts.c **** }
 264:/Users/Rob/Dropbox/school/jaar2/kwartiel2.2/projectnetwerken/Software/Arduino/Arduino/WInterrupts.c **** 
 265:/Users/Rob/Dropbox/school/jaar2/kwartiel2.2/projectnetwerken/Software/Arduino/Arduino/WInterrupts.c **** #elif defined(EICRA) && defined(EICRB)
 266:/Users/Rob/Dropbox/school/jaar2/kwartiel2.2/projectnetwerken/Software/Arduino/Arduino/WInterrupts.c **** 
 267:/Users/Rob/Dropbox/school/jaar2/kwartiel2.2/projectnetwerken/Software/Arduino/Arduino/WInterrupts.c **** ISR(INT0_vect) {
 268:/Users/Rob/Dropbox/school/jaar2/kwartiel2.2/projectnetwerken/Software/Arduino/Arduino/WInterrupts.c ****   if(intFunc[EXTERNAL_INT_2])
 269:/Users/Rob/Dropbox/school/jaar2/kwartiel2.2/projectnetwerken/Software/Arduino/Arduino/WInterrupts.c ****     intFunc[EXTERNAL_INT_2]();
 270:/Users/Rob/Dropbox/school/jaar2/kwartiel2.2/projectnetwerken/Software/Arduino/Arduino/WInterrupts.c **** }
 271:/Users/Rob/Dropbox/school/jaar2/kwartiel2.2/projectnetwerken/Software/Arduino/Arduino/WInterrupts.c **** 
 272:/Users/Rob/Dropbox/school/jaar2/kwartiel2.2/projectnetwerken/Software/Arduino/Arduino/WInterrupts.c **** ISR(INT1_vect) {
 273:/Users/Rob/Dropbox/school/jaar2/kwartiel2.2/projectnetwerken/Software/Arduino/Arduino/WInterrupts.c ****   if(intFunc[EXTERNAL_INT_3])
 274:/Users/Rob/Dropbox/school/jaar2/kwartiel2.2/projectnetwerken/Software/Arduino/Arduino/WInterrupts.c ****     intFunc[EXTERNAL_INT_3]();
 275:/Users/Rob/Dropbox/school/jaar2/kwartiel2.2/projectnetwerken/Software/Arduino/Arduino/WInterrupts.c **** }
 276:/Users/Rob/Dropbox/school/jaar2/kwartiel2.2/projectnetwerken/Software/Arduino/Arduino/WInterrupts.c **** 
 277:/Users/Rob/Dropbox/school/jaar2/kwartiel2.2/projectnetwerken/Software/Arduino/Arduino/WInterrupts.c **** ISR(INT2_vect) {
 278:/Users/Rob/Dropbox/school/jaar2/kwartiel2.2/projectnetwerken/Software/Arduino/Arduino/WInterrupts.c ****   if(intFunc[EXTERNAL_INT_4])
 279:/Users/Rob/Dropbox/school/jaar2/kwartiel2.2/projectnetwerken/Software/Arduino/Arduino/WInterrupts.c ****     intFunc[EXTERNAL_INT_4]();
 280:/Users/Rob/Dropbox/school/jaar2/kwartiel2.2/projectnetwerken/Software/Arduino/Arduino/WInterrupts.c **** }
 281:/Users/Rob/Dropbox/school/jaar2/kwartiel2.2/projectnetwerken/Software/Arduino/Arduino/WInterrupts.c **** 
 282:/Users/Rob/Dropbox/school/jaar2/kwartiel2.2/projectnetwerken/Software/Arduino/Arduino/WInterrupts.c **** ISR(INT3_vect) {
 283:/Users/Rob/Dropbox/school/jaar2/kwartiel2.2/projectnetwerken/Software/Arduino/Arduino/WInterrupts.c ****   if(intFunc[EXTERNAL_INT_5])
 284:/Users/Rob/Dropbox/school/jaar2/kwartiel2.2/projectnetwerken/Software/Arduino/Arduino/WInterrupts.c ****     intFunc[EXTERNAL_INT_5]();
 285:/Users/Rob/Dropbox/school/jaar2/kwartiel2.2/projectnetwerken/Software/Arduino/Arduino/WInterrupts.c **** }
 286:/Users/Rob/Dropbox/school/jaar2/kwartiel2.2/projectnetwerken/Software/Arduino/Arduino/WInterrupts.c **** 
 287:/Users/Rob/Dropbox/school/jaar2/kwartiel2.2/projectnetwerken/Software/Arduino/Arduino/WInterrupts.c **** ISR(INT4_vect) {
 288:/Users/Rob/Dropbox/school/jaar2/kwartiel2.2/projectnetwerken/Software/Arduino/Arduino/WInterrupts.c ****   if(intFunc[EXTERNAL_INT_0])
 289:/Users/Rob/Dropbox/school/jaar2/kwartiel2.2/projectnetwerken/Software/Arduino/Arduino/WInterrupts.c ****     intFunc[EXTERNAL_INT_0]();
 290:/Users/Rob/Dropbox/school/jaar2/kwartiel2.2/projectnetwerken/Software/Arduino/Arduino/WInterrupts.c **** }
 291:/Users/Rob/Dropbox/school/jaar2/kwartiel2.2/projectnetwerken/Software/Arduino/Arduino/WInterrupts.c **** 
 292:/Users/Rob/Dropbox/school/jaar2/kwartiel2.2/projectnetwerken/Software/Arduino/Arduino/WInterrupts.c **** ISR(INT5_vect) {
 293:/Users/Rob/Dropbox/school/jaar2/kwartiel2.2/projectnetwerken/Software/Arduino/Arduino/WInterrupts.c ****   if(intFunc[EXTERNAL_INT_1])
 294:/Users/Rob/Dropbox/school/jaar2/kwartiel2.2/projectnetwerken/Software/Arduino/Arduino/WInterrupts.c ****     intFunc[EXTERNAL_INT_1]();
 295:/Users/Rob/Dropbox/school/jaar2/kwartiel2.2/projectnetwerken/Software/Arduino/Arduino/WInterrupts.c **** }
 296:/Users/Rob/Dropbox/school/jaar2/kwartiel2.2/projectnetwerken/Software/Arduino/Arduino/WInterrupts.c **** 
 297:/Users/Rob/Dropbox/school/jaar2/kwartiel2.2/projectnetwerken/Software/Arduino/Arduino/WInterrupts.c **** ISR(INT6_vect) {
 298:/Users/Rob/Dropbox/school/jaar2/kwartiel2.2/projectnetwerken/Software/Arduino/Arduino/WInterrupts.c ****   if(intFunc[EXTERNAL_INT_6])
 299:/Users/Rob/Dropbox/school/jaar2/kwartiel2.2/projectnetwerken/Software/Arduino/Arduino/WInterrupts.c ****     intFunc[EXTERNAL_INT_6]();
 300:/Users/Rob/Dropbox/school/jaar2/kwartiel2.2/projectnetwerken/Software/Arduino/Arduino/WInterrupts.c **** }
 301:/Users/Rob/Dropbox/school/jaar2/kwartiel2.2/projectnetwerken/Software/Arduino/Arduino/WInterrupts.c **** 
 302:/Users/Rob/Dropbox/school/jaar2/kwartiel2.2/projectnetwerken/Software/Arduino/Arduino/WInterrupts.c **** ISR(INT7_vect) {
 303:/Users/Rob/Dropbox/school/jaar2/kwartiel2.2/projectnetwerken/Software/Arduino/Arduino/WInterrupts.c ****   if(intFunc[EXTERNAL_INT_7])
 304:/Users/Rob/Dropbox/school/jaar2/kwartiel2.2/projectnetwerken/Software/Arduino/Arduino/WInterrupts.c ****     intFunc[EXTERNAL_INT_7]();
 305:/Users/Rob/Dropbox/school/jaar2/kwartiel2.2/projectnetwerken/Software/Arduino/Arduino/WInterrupts.c **** }
 306:/Users/Rob/Dropbox/school/jaar2/kwartiel2.2/projectnetwerken/Software/Arduino/Arduino/WInterrupts.c **** 
 307:/Users/Rob/Dropbox/school/jaar2/kwartiel2.2/projectnetwerken/Software/Arduino/Arduino/WInterrupts.c **** #else
 308:/Users/Rob/Dropbox/school/jaar2/kwartiel2.2/projectnetwerken/Software/Arduino/Arduino/WInterrupts.c **** 
 309:/Users/Rob/Dropbox/school/jaar2/kwartiel2.2/projectnetwerken/Software/Arduino/Arduino/WInterrupts.c **** ISR(INT0_vect) {
 239               	.LM16:
 240               	.LFBB3:
 241 0060 1F92      		push r1
 242 0062 0F92      		push r0
 243 0064 0FB6      		in r0,__SREG__
 244 0066 0F92      		push r0
 245 0068 1124      		clr __zero_reg__
 246 006a 2F93      		push r18
 247 006c 3F93      		push r19
 248 006e 4F93      		push r20
 249 0070 5F93      		push r21
 250 0072 6F93      		push r22
 251 0074 7F93      		push r23
 252 0076 8F93      		push r24
 253 0078 9F93      		push r25
 254 007a AF93      		push r26
 255 007c BF93      		push r27
 256 007e EF93      		push r30
 257 0080 FF93      		push r31
 258               	/* prologue: Signal */
 259               	/* frame size = 0 */
 260               	/* stack size = 15 */
 261               	.L__stack_usage = 15
 310:/Users/Rob/Dropbox/school/jaar2/kwartiel2.2/projectnetwerken/Software/Arduino/Arduino/WInterrupts.c ****   if(intFunc[EXTERNAL_INT_0])
 263               	.LM17:
 264 0082 8091 0000 		lds r24,intFunc
 265 0086 9091 0000 		lds r25,intFunc+1
 266 008a 892B      		or r24,r25
 267 008c 01F0      		breq .L11
 311:/Users/Rob/Dropbox/school/jaar2/kwartiel2.2/projectnetwerken/Software/Arduino/Arduino/WInterrupts.c ****     intFunc[EXTERNAL_INT_0]();
 269               	.LM18:
 270 008e E091 0000 		lds r30,intFunc
 271 0092 F091 0000 		lds r31,intFunc+1
 272 0096 0995      		icall
 273               	.L11:
 274               	/* epilogue start */
 312:/Users/Rob/Dropbox/school/jaar2/kwartiel2.2/projectnetwerken/Software/Arduino/Arduino/WInterrupts.c **** }
 276               	.LM19:
 277 0098 FF91      		pop r31
 278 009a EF91      		pop r30
 279 009c BF91      		pop r27
 280 009e AF91      		pop r26
 281 00a0 9F91      		pop r25
 282 00a2 8F91      		pop r24
 283 00a4 7F91      		pop r23
 284 00a6 6F91      		pop r22
 285 00a8 5F91      		pop r21
 286 00aa 4F91      		pop r20
 287 00ac 3F91      		pop r19
 288 00ae 2F91      		pop r18
 289 00b0 0F90      		pop r0
 290 00b2 0FBE      		out __SREG__,r0
 291 00b4 0F90      		pop r0
 292 00b6 1F90      		pop r1
 293 00b8 1895      		reti
 295               	.Lscope3:
 297               	.global	__vector_2
 299               	__vector_2:
 313:/Users/Rob/Dropbox/school/jaar2/kwartiel2.2/projectnetwerken/Software/Arduino/Arduino/WInterrupts.c **** 
 314:/Users/Rob/Dropbox/school/jaar2/kwartiel2.2/projectnetwerken/Software/Arduino/Arduino/WInterrupts.c **** ISR(INT1_vect) {
 301               	.LM20:
 302               	.LFBB4:
 303 00ba 1F92      		push r1
 304 00bc 0F92      		push r0
 305 00be 0FB6      		in r0,__SREG__
 306 00c0 0F92      		push r0
 307 00c2 1124      		clr __zero_reg__
 308 00c4 2F93      		push r18
 309 00c6 3F93      		push r19
 310 00c8 4F93      		push r20
 311 00ca 5F93      		push r21
 312 00cc 6F93      		push r22
 313 00ce 7F93      		push r23
 314 00d0 8F93      		push r24
 315 00d2 9F93      		push r25
 316 00d4 AF93      		push r26
 317 00d6 BF93      		push r27
 318 00d8 EF93      		push r30
 319 00da FF93      		push r31
 320               	/* prologue: Signal */
 321               	/* frame size = 0 */
 322               	/* stack size = 15 */
 323               	.L__stack_usage = 15
 315:/Users/Rob/Dropbox/school/jaar2/kwartiel2.2/projectnetwerken/Software/Arduino/Arduino/WInterrupts.c ****   if(intFunc[EXTERNAL_INT_1])
 325               	.LM21:
 326 00dc 8091 0000 		lds r24,intFunc+2
 327 00e0 9091 0000 		lds r25,intFunc+2+1
 328 00e4 892B      		or r24,r25
 329 00e6 01F0      		breq .L16
 316:/Users/Rob/Dropbox/school/jaar2/kwartiel2.2/projectnetwerken/Software/Arduino/Arduino/WInterrupts.c ****     intFunc[EXTERNAL_INT_1]();
 331               	.LM22:
 332 00e8 E091 0000 		lds r30,intFunc+2
 333 00ec F091 0000 		lds r31,intFunc+2+1
 334 00f0 0995      		icall
 335               	.L16:
 336               	/* epilogue start */
 317:/Users/Rob/Dropbox/school/jaar2/kwartiel2.2/projectnetwerken/Software/Arduino/Arduino/WInterrupts.c **** }
 338               	.LM23:
 339 00f2 FF91      		pop r31
 340 00f4 EF91      		pop r30
 341 00f6 BF91      		pop r27
 342 00f8 AF91      		pop r26
 343 00fa 9F91      		pop r25
 344 00fc 8F91      		pop r24
 345 00fe 7F91      		pop r23
 346 0100 6F91      		pop r22
 347 0102 5F91      		pop r21
 348 0104 4F91      		pop r20
 349 0106 3F91      		pop r19
 350 0108 2F91      		pop r18
 351 010a 0F90      		pop r0
 352 010c 0FBE      		out __SREG__,r0
 353 010e 0F90      		pop r0
 354 0110 1F90      		pop r1
 355 0112 1895      		reti
 357               	.Lscope4:
 358               		.local	intFunc
 359               		.comm	intFunc,4,1
 376               	.Letext0:
 377               		.ident	"GCC: (GNU) 4.8.1"
 378               	.global __do_clear_bss
DEFINED SYMBOLS
                            *ABS*:00000000 WInterrupts.c
/var/folders/s2/130xhc4d2slcgdx1yc5b_3h80000gn/T//ccrL9Ruc.s:2      *ABS*:0000003e __SP_H__
/var/folders/s2/130xhc4d2slcgdx1yc5b_3h80000gn/T//ccrL9Ruc.s:3      *ABS*:0000003d __SP_L__
/var/folders/s2/130xhc4d2slcgdx1yc5b_3h80000gn/T//ccrL9Ruc.s:4      *ABS*:0000003f __SREG__
/var/folders/s2/130xhc4d2slcgdx1yc5b_3h80000gn/T//ccrL9Ruc.s:5      *ABS*:00000000 __tmp_reg__
/var/folders/s2/130xhc4d2slcgdx1yc5b_3h80000gn/T//ccrL9Ruc.s:6      *ABS*:00000001 __zero_reg__
/var/folders/s2/130xhc4d2slcgdx1yc5b_3h80000gn/T//ccrL9Ruc.s:133    .text:00000000 attachInterrupt
                             .bss:00000000 intFunc
/var/folders/s2/130xhc4d2slcgdx1yc5b_3h80000gn/T//ccrL9Ruc.s:193    .text:00000040 detachInterrupt
/var/folders/s2/130xhc4d2slcgdx1yc5b_3h80000gn/T//ccrL9Ruc.s:237    .text:00000060 __vector_1
/var/folders/s2/130xhc4d2slcgdx1yc5b_3h80000gn/T//ccrL9Ruc.s:299    .text:000000ba __vector_2

UNDEFINED SYMBOLS
__do_clear_bss
